Performing C SOURCE FILE Test CMAKE_HAVE_LIBC_PTHREAD failed with the following output:
Change Dir: /media/insfan/d484ad6a-5ab1-4c54-bc5c-2bc7981980d9/insfan/insfan-git/Face-Detector-1MB-with-landmark/Face_Detector_ncnn/tools/CMakeFiles/CMakeTmp

Run Build Command(s):/usr/bin/make cmTC_5906f/fast && /usr/bin/make -f CMakeFiles/cmTC_5906f.dir/build.make CMakeFiles/cmTC_5906f.dir/build
make[1]: Entering directory '/media/insfan/d484ad6a-5ab1-4c54-bc5c-2bc7981980d9/insfan/insfan-git/Face-Detector-1MB-with-landmark/Face_Detector_ncnn/tools/CMakeFiles/CMakeTmp'
Building C object CMakeFiles/cmTC_5906f.dir/src.c.o
/usr/bin/cc   -DCMAKE_HAVE_LIBC_PTHREAD   -o CMakeFiles/cmTC_5906f.dir/src.c.o   -c /media/insfan/d484ad6a-5ab1-4c54-bc5c-2bc7981980d9/insfan/insfan-git/Face-Detector-1MB-with-landmark/Face_Detector_ncnn/tools/CMakeFiles/CMakeTmp/src.c
Linking C executable cmTC_5906f
/usr/local/bin/cmake -E cmake_link_script CMakeFiles/cmTC_5906f.dir/link.txt --verbose=1
/usr/bin/cc  -DCMAKE_HAVE_LIBC_PTHREAD    -rdynamic CMakeFiles/cmTC_5906f.dir/src.c.o  -o cmTC_5906f 
CMakeFiles/cmTC_5906f.dir/src.c.o：在函数‘main’中：
src.c:(.text+0x3c)：对‘pthread_create’未定义的引用
src.c:(.text+0x48)：对‘pthread_detach’未定义的引用
src.c:(.text+0x59)：对‘pthread_join’未定义的引用
src.c:(.text+0x6d)：对‘pthread_atfork’未定义的引用
collect2: error: ld returned 1 exit status
CMakeFiles/cmTC_5906f.dir/build.make:86: recipe for target 'cmTC_5906f' failed
make[1]: *** [cmTC_5906f] Error 1
make[1]: Leaving directory '/media/insfan/d484ad6a-5ab1-4c54-bc5c-2bc7981980d9/insfan/insfan-git/Face-Detector-1MB-with-landmark/Face_Detector_ncnn/tools/CMakeFiles/CMakeTmp'
Makefile:121: recipe for target 'cmTC_5906f/fast' failed
make: *** [cmTC_5906f/fast] Error 2


Source file was:
#include <pthread.h>

void* test_func(void* data)
{
  return data;
}

int main(void)
{
  pthread_t thread;
  pthread_create(&thread, NULL, test_func, NULL);
  pthread_detach(thread);
  pthread_join(thread, NULL);
  pthread_atfork(NULL, NULL, NULL);
  pthread_exit(NULL);

  return 0;
}

Determining if the function pthread_create exists in the pthreads failed with the following output:
Change Dir: /media/insfan/d484ad6a-5ab1-4c54-bc5c-2bc7981980d9/insfan/insfan-git/Face-Detector-1MB-with-landmark/Face_Detector_ncnn/tools/CMakeFiles/CMakeTmp

Run Build Command(s):/usr/bin/make cmTC_790fb/fast && /usr/bin/make -f CMakeFiles/cmTC_790fb.dir/build.make CMakeFiles/cmTC_790fb.dir/build
make[1]: Entering directory '/media/insfan/d484ad6a-5ab1-4c54-bc5c-2bc7981980d9/insfan/insfan-git/Face-Detector-1MB-with-landmark/Face_Detector_ncnn/tools/CMakeFiles/CMakeTmp'
Building C object CMakeFiles/cmTC_790fb.dir/CheckFunctionExists.c.o
/usr/bin/cc   -DCHECK_FUNCTION_EXISTS=pthread_create   -o CMakeFiles/cmTC_790fb.dir/CheckFunctionExists.c.o   -c /usr/local/share/cmake-3.16/Modules/CheckFunctionExists.c
Linking C executable cmTC_790fb
/usr/local/bin/cmake -E cmake_link_script CMakeFiles/cmTC_790fb.dir/link.txt --verbose=1
/usr/bin/cc  -DCHECK_FUNCTION_EXISTS=pthread_create    -rdynamic CMakeFiles/cmTC_790fb.dir/CheckFunctionExists.c.o  -o cmTC_790fb  -lpthreads 
/usr/bin/ld: 找不到 -lpthreads
collect2: error: ld returned 1 exit status
CMakeFiles/cmTC_790fb.dir/build.make:86: recipe for target 'cmTC_790fb' failed
make[1]: *** [cmTC_790fb] Error 1
make[1]: Leaving directory '/media/insfan/d484ad6a-5ab1-4c54-bc5c-2bc7981980d9/insfan/insfan-git/Face-Detector-1MB-with-landmark/Face_Detector_ncnn/tools/CMakeFiles/CMakeTmp'
Makefile:121: recipe for target 'cmTC_790fb/fast' failed
make: *** [cmTC_790fb/fast] Error 2



